[03:37:59] [main/DEBUG] [FML/]: Injecting tracing printstreams for STDOUT/STDERR.
[03:37:59] [main/INFO] [FML/]: Forge Mod Loader version 14.23.2.2611 for Minecraft 1.12.2 loading
[03:37:59] [main/INFO] [FML/]: Java is OpenJDK 64-Bit Server VM, version 1.8.0_161, running on Linux:amd64:2.6.32-042stab127.2, installed at /usr/lib/jvm/java-1.8.0-openjdk-1.8.0.161-0.b14.el7_4.x86_64/jre
[03:37:59] [main/DEBUG] [FML/]: Java classpath at launch is:
[03:37:59] [main/DEBUG] [FML/]:     Hex.jar
[03:37:59] [main/DEBUG] [FML/]: Java library path at launch is:
[03:37:59] [main/DEBUG] [FML/]:     /usr/java/packages/lib/amd64
[03:37:59] [main/DEBUG] [FML/]:     /usr/lib64
[03:37:59] [main/DEBUG] [FML/]:     /lib64
[03:37:59] [main/DEBUG] [FML/]:     /lib
[03:37:59] [main/DEBUG] [FML/]:     /usr/lib
[03:37:59] [main/DEBUG] [FML/]: Enabling runtime deobfuscation
[03:38:00] [main/DEBUG] [FML/]: Instantiating coremod class FMLCorePlugin
[03:38:00] [main/DEBUG] [FML/]: Found signing certificates for coremod FMLCorePlugin (net.minecraftforge.fml.relauncher.FMLCorePlugin)
[03:38:00] [main/DEBUG] [FML/]: Found certificate e3c3d50c7c986df74c645c0ac54639741c90a557
[03:38:00] [main/DEBUG] [FML/]: Added access transformer class net.minecraftforge.fml.common.asm.transformers.AccessTransformer to enqueued access transformers
[03:38:00] [main/DEBUG] [FML/]: Enqueued coremod FMLCorePlugin
[03:38:00] [main/DEBUG] [FML/]: Instantiating coremod class FMLForgePlugin
[03:38:00] [main/DEBUG] [FML/]: Found signing certificates for coremod FMLForgePlugin (net.minecraftforge.classloading.FMLForgePlugin)
[03:38:00] [main/DEBUG] [FML/]: Found certificate e3c3d50c7c986df74c645c0ac54639741c90a557
[03:38:00] [main/DEBUG] [FML/]: Enqueued coremod FMLForgePlugin
[03:38:00] [main/DEBUG] [FML/]: All fundamental core mods are successfully located
[03:38:00] [main/DEBUG] [FML/]: Found existing ContainsDep extracted to /opt/minecraft-server/server/hex-server/mods/TheBetweenlands-3.3.0-core.jar, skipping extraction
[03:38:00] [main/DEBUG] [FML/]: Attempting to load commandline specified mods, relative to /opt/minecraft-server/server/hex-server/.
[03:38:00] [main/INFO] [FML/]: Failed to find the specified repository root C:/Users/archer/Downloads/hex2/Hexxit Updated Server Pack/libraries
[03:38:00] [main/DEBUG] [FML/]: Discovering coremods
[03:38:00] [main/DEBUG] [FML/]: Examining for coremod candidacy AbyssalCraft-1.12.2-1.9.4.4.jar
[03:38:00] [main/DEBUG] [FML/]: Not found coremod data in AbyssalCraft-1.12.2-1.9.4.4.jar
[03:38:00] [main/DEBUG] [FML/]: Examining for coremod candidacy AutoRegLib-1.3-15.jar
[03:38:00] [main/DEBUG] [FML/]: Not found coremod data in AutoRegLib-1.3-15.jar
[03:38:00] [main/DEBUG] [FML/]: Examining for coremod candidacy BattleTowers-1.12.2.jar
[03:38:00] [main/DEBUG] [FML/]: Not found coremod data in BattleTowers-1.12.2.jar
[03:38:00] [main/DEBUG] [FML/]: Examining for coremod candidacy BiblioCraft[v2.4.3][MC1.12.0].jar
[03:38:00] [main/DEBUG] [FML/]: Not found coremod data in BiblioCraft[v2.4.3][MC1.12.0].jar
[03:38:00] [main/DEBUG] [FML/]: Examining for coremod candidacy BiomesOPlenty-1.12.2-7.0.1.2315-universal.jar
[03:38:00] [main/DEBUG] [FML/]: Not found coremod data in BiomesOPlenty-1.12.2-7.0.1.2315-universal.jar
[03:38:00] [main/DEBUG] [FML/]: Examining for coremod candidacy CarryOn+MC1.12.2+v1.7.2.jar
[03:38:00] [main/DEBUG] [FML/]: Not found coremod data in CarryOn+MC1.12.2+v1.7.2.jar
[03:38:00] [main/DEBUG] [FML/]: Examining for coremod candidacy Chameleon-1.12-4.1.3.jar
[03:38:00] [main/DEBUG] [FML/]: Not found coremod data in Chameleon-1.12-4.1.3.jar
[03:38:00] [main/DEBUG] [FML/]: Examining for coremod candidacy chiselsandbits-14.14.jar
[03:38:00] [main/DEBUG] [FML/]: Not found coremod data in chiselsandbits-14.14.jar
[03:38:00] [main/DEBUG] [FML/]: Examining for coremod candidacy chococraft_1.12.1-0.9.1.52.jar
[03:38:00] [main/DEBUG] [FML/]: Not found coremod data in chococraft_1.12.1-0.9.1.52.jar
[03:38:00] [main/DEBUG] [FML/]: Examining for coremod candidacy Dimdoors-3.0.7-b.232.jar
[03:38:00] [main/DEBUG] [FML/]: Not found coremod data in Dimdoors-3.0.7-b.232.jar
[03:38:00] [main/DEBUG] [FML/]: Examining for coremod candidacy DoomlikeDungeons-1.11.1-MC1.12.2.jar
[03:38:00] [main/DEBUG] [FML/]: Not found coremod data in DoomlikeDungeons-1.11.1-MC1.12.2.jar
[03:38:00] [main/DEBUG] [FML/]: Examining for coremod candidacy DungeonTactics-1.12.2-0.14.2.jar
[03:38:00] [main/DEBUG] [FML/]: Not found coremod data in DungeonTactics-1.12.2-0.14.2.jar
[03:38:00] [main/DEBUG] [FML/]: Examining for coremod candidacy Erebus-1.0.19.jar
[03:38:00] [main/DEBUG] [FML/]: Not found coremod data in Erebus-1.0.19.jar
[03:38:00] [main/DEBUG] [FML/]: Examining for coremod candidacy GottschCore-mc1.12.2-f14.23.1.2555-v1.2.0.jar
[03:38:00] [main/DEBUG] [FML/]: Not found coremod data in GottschCore-mc1.12.2-f14.23.1.2555-v1.2.0.jar
[03:38:00] [main/DEBUG] [FML/]: Examining for coremod candidacy gravestone-1.10.1.jar
[03:38:00] [main/DEBUG] [FML/]: Not found coremod data in gravestone-1.10.1.jar
[03:38:00] [main/DEBUG] [FML/]: Examining for coremod candidacy HarshenCastle-0.13.1.jar
[03:38:00] [main/DEBUG] [FML/]: Not found coremod data in HarshenCastle-0.13.1.jar
[03:38:00] [main/DEBUG] [FML/]: Examining for coremod candidacy Hexxit+Gear-1.12.2-2.7.0.jar
[03:38:00] [main/DEBUG] [FML/]: Not found coremod data in Hexxit+Gear-1.12.2-2.7.0.jar
[03:38:00] [main/DEBUG] [FML/]: Examining for coremod candidacy InfernalMobs-1.12.2.jar
[03:38:00] [main/DEBUG] [FML/]: Not found coremod data in InfernalMobs-1.12.2.jar
[03:38:00] [main/DEBUG] [FML/]: Examining for coremod candidacy InventoryTweaks-1.63.jar
[03:38:00] [main/WARN] [FML/]: Found FMLCorePluginContainsFMLMod marker in InventoryTweaks-1.63.jar. This is not recommended, @Mods should be in a separate jar from the coremod.
[03:38:00] [main/DEBUG] [FML/]: Instantiating coremod class FMLPlugin
[03:38:00] [main/TRACE] [FML/]: coremod named Inventory Tweaks Coremod is loading
[03:38:00] [main/WARN] [FML/]: The coremod invtweaks.forge.asm.FMLPlugin does not have a MCVersion annotation, it may cause issues with this version of Minecraft
[03:38:00] [main/DEBUG] [FML/]: Found signing certificates for coremod Inventory Tweaks Coremod (invtweaks.forge.asm.FMLPlugin)
[03:38:00] [main/DEBUG] [FML/]: Found certificate 55d2cd4f5f0961410bf7b91ef6c6bf00a766dcbe
[03:38:00] [main/DEBUG] [FML/]: Added access transformer class invtweaks.forge.asm.ITAccessTransformer to enqueued access transformers
[03:38:00] [main/DEBUG] [FML/]: Enqueued coremod Inventory Tweaks Coremod
[03:38:00] [main/DEBUG] [FML/]: Examining for coremod candidacy ironchest-1.12.2-7.0.40.824.jar
[03:38:00] [main/DEBUG] [FML/]: Not found coremod data in ironchest-1.12.2-7.0.40.824.jar
[03:38:00] [main/DEBUG] [FML/]: Examining for coremod candidacy jei_1.12.2-4.8.5.157.jar
[03:38:00] [main/DEBUG] [FML/]: Not found coremod data in jei_1.12.2-4.8.5.157.jar
[03:38:00] [main/DEBUG] [FML/]: Examining for coremod candidacy journeymap-1.12.2-5.5.2.jar
[03:38:00] [main/DEBUG] [FML/]: Not found coremod data in journeymap-1.12.2-5.5.2.jar
[03:38:00] [main/DEBUG] [FML/]: Examining for coremod candidacy JRFTL[1.12.2]-1.1.jar
[03:38:00] [main/DEBUG] [FML/]: Not found coremod data in JRFTL[1.12.2]-1.1.jar
[03:38:00] [main/DEBUG] [FML/]: Examining for coremod candidacy MagmaMonsters-0.3.0.jar
[03:38:00] [main/DEBUG] [FML/]: Not found coremod data in MagmaMonsters-0.3.0.jar
[03:38:00] [main/DEBUG] [FML/]: Examining for coremod candidacy malisisblocks-1.12.2-6.1.0.jar
[03:38:00] [main/DEBUG] [FML/]: Not found coremod data in malisisblocks-1.12.2-6.1.0.jar
[03:38:00] [main/DEBUG] [FML/]: Examining for coremod candidacy malisiscore-1.12.2-6.4.0.jar
[03:38:00] [main/INFO] [FML/]: Loading tweaker org.spongepowered.asm.launch.MixinTweaker from malisiscore-1.12.2-6.4.0.jar
[03:38:00] [main/DEBUG] [FML/]: Examining for coremod candidacy malisisdoors-1.12.2-7.3.0.jar
[03:38:00] [main/DEBUG] [FML/]: Not found coremod data in malisisdoors-1.12.2-7.3.0.jar
[03:38:00] [main/DEBUG] [FML/]: Examining for coremod candidacy Mantle-1.12-1.3.1.21.jar
[03:38:00] [main/DEBUG] [FML/]: Not found coremod data in Mantle-1.12-1.3.1.21.jar
[03:38:00] [main/DEBUG] [FML/]: Examining for coremod candidacy morebeautifulplates-1.12.2-1.0.3.jar
[03:38:00] [main/DEBUG] [FML/]: Not found coremod data in morebeautifulplates-1.12.2-1.0.3.jar
[03:38:00] [main/DEBUG] [FML/]: Examining for coremod candidacy MultiMine-1.12.2.jar
[03:38:00] [main/WARN] [FML/]: Found FMLCorePluginContainsFMLMod marker in MultiMine-1.12.2.jar. This is not recommended, @Mods should be in a separate jar from the coremod.
[03:38:00] [main/DEBUG] [FML/]: Instantiating coremod class MMFMLCorePlugin
[03:38:00] [main/WARN] [FML/]: The coremod atomicstryker.multimine.common.fmlmagic.MMFMLCorePlugin does not have a MCVersion annotation, it may cause issues with this version of Minecraft
[03:38:00] [main/WARN] [FML/]: The coremod MMFMLCorePlugin (atomicstryker.multimine.common.fmlmagic.MMFMLCorePlugin) is not signed!
[03:38:00] [main/DEBUG] [FML/]: Enqueued coremod MMFMLCorePlugin
[03:38:00] [main/DEBUG] [FML/]: Examining for coremod candidacy natura-1.12.2-4.3.2.42.jar
[03:38:00] [main/DEBUG] [FML/]: Not found coremod data in natura-1.12.2-4.3.2.42.jar
[03:38:00] [main/DEBUG] [FML/]: Examining for coremod candidacy Neat+1.4-15.jar
[03:38:00] [main/DEBUG] [FML/]: Not found coremod data in Neat+1.4-15.jar
[03:38:00] [main/DEBUG] [FML/]: Examining for coremod candidacy NetherEx-1.12-2.1.14.15.jar
[03:38:00] [main/DEBUG] [FML/]: Not found coremod data in NetherEx-1.12-2.1.14.15.jar
[03:38:00] [main/DEBUG] [FML/]: Examining for coremod candidacy Ore+Tweaker-1.0.2-1.12.0.jar
[03:38:00] [main/DEBUG] [FML/]: Not found coremod data in Ore+Tweaker-1.0.2-1.12.0.jar
[03:38:00] [main/DEBUG] [FML/]: Examining for coremod candidacy Placebo-1.12.2-1.2.0.jar
[03:38:00] [main/DEBUG] [FML/]: Not found coremod data in Placebo-1.12.2-1.2.0.jar
[03:38:00] [main/DEBUG] [FML/]: Examining for coremod candidacy Quark-r1.4-122.jar
[03:38:00] [main/WARN] [FML/]: Found FMLCorePluginContainsFMLMod marker in Quark-r1.4-122.jar. This is not recommended, @Mods should be in a separate jar from the coremod.
[03:38:00] [main/DEBUG] [FML/]: Instantiating coremod class LoadingPlugin
[03:38:00] [main/WARN] [FML/]: The coremod vazkii.quark.base.asm.LoadingPlugin does not have a MCVersion annotation, it may cause issues with this version of Minecraft
[03:38:00] [main/WARN] [FML/]: The coremod LoadingPlugin (vazkii.quark.base.asm.LoadingPlugin) is not signed!
[03:38:00] [main/DEBUG] [FML/]: Enqueued coremod LoadingPlugin
[03:38:00] [main/DEBUG] [FML/]: Examining for coremod candidacy Reliquary-1.12.2-1.3.4.742.jar
[03:38:00] [main/DEBUG] [FML/]: Not found coremod data in Reliquary-1.12.2-1.3.4.742.jar
[03:38:00] [main/DEBUG] [FML/]: Examining for coremod candidacy RoguelikeDungeons-1.12.2-1.8.0.jar
[03:38:00] [main/DEBUG] [FML/]: Not found coremod data in RoguelikeDungeons-1.12.2-1.8.0.jar
[03:38:00] [main/DEBUG] [FML/]: Examining for coremod candidacy Ruins-1.12.jar
[03:38:00] [main/DEBUG] [FML/]: Not found coremod data in Ruins-1.12.jar
[03:38:00] [main/DEBUG] [FML/]: Examining for coremod candidacy secretroomsmod-1.12.2-5.3.2.jar
[03:38:00] [main/DEBUG] [FML/]: Not found coremod data in secretroomsmod-1.12.2-5.3.2.jar
[03:38:00] [main/DEBUG] [FML/]: Examining for coremod candidacy SoulShards-TOW-1.12-2.7.4-53.jar
[03:38:00] [main/DEBUG] [FML/]: Not found coremod data in SoulShards-TOW-1.12-2.7.4-53.jar
[03:38:00] [main/DEBUG] [FML/]: Examining for coremod candidacy StorageDrawers-1.12.2-5.3.4.jar
[03:38:00] [main/DEBUG] [FML/]: Not found coremod data in StorageDrawers-1.12.2-5.3.4.jar
[03:38:00] [main/DEBUG] [FML/]: Examining for coremod candidacy TConstruct-1.12.2-2.9.1.65.jar
[03:38:00] [main/DEBUG] [FML/]: Not found coremod data in TConstruct-1.12.2-2.9.1.65.jar
[03:38:00] [main/DEBUG] [FML/]: Examining for coremod candidacy TheBetweenlands-3.3.0-core.jar
[03:38:00] [main/TRACE] [FML/]: Adding TheBetweenlands-3.3.0-core.jar to the list of known coremods, it will not be examined again
[03:38:00] [main/DEBUG] [FML/]: Instantiating coremod class TheBetweenlandsLoadingPlugin
[03:38:00] [main/DEBUG] [FML/]: The coremod thebetweenlands.core.TheBetweenlandsLoadingPlugin requested minecraft version 1.12.2 and minecraft is 1.12.2. It will be loaded.
[03:38:00] [main/DEBUG] [FML/]: Found signing certificates for coremod TheBetweenlandsLoadingPlugin (thebetweenlands.core.TheBetweenlandsLoadingPlugin)
[03:38:00] [main/DEBUG] [FML/]: Found certificate 38067d6878811efb38b6a045521cfd80b9b60b38
[03:38:00] [main/DEBUG] [FML/]: Enqueued coremod TheBetweenlandsLoadingPlugin
[03:38:00] [main/DEBUG] [FML/]: Examining for coremod candidacy TheBetweenlands-3.3.0-universal.jar
[03:38:00] [main/DEBUG] [FML/]: Not found coremod data in TheBetweenlands-3.3.0-universal.jar
[03:38:00] [main/DEBUG] [FML/]: Examining for coremod candidacy theoneprobe-1.12-1.4.19.jar
[03:38:00] [main/DEBUG] [FML/]: Not found coremod data in theoneprobe-1.12-1.4.19.jar
[03:38:00] [main/DEBUG] [FML/]: Examining for coremod candidacy toroquest-1.12.2-5.2.jar
[03:38:00] [main/DEBUG] [FML/]: Not found coremod data in toroquest-1.12.2-5.2.jar
[03:38:00] [main/DEBUG] [FML/]: Examining for coremod candidacy TreeChopper-1.12.2-1.2.4.jar
[03:38:00] [main/DEBUG] [FML/]: Not found coremod data in TreeChopper-1.12.2-1.2.4.jar
[03:38:00] [main/DEBUG] [FML/]: Examining for coremod candidacy twilightforest-1.12.2-3.6.345-universal.jar
[03:38:00] [main/DEBUG] [FML/]: Not found coremod data in twilightforest-1.12.2-3.6.345-universal.jar
[03:38:00] [main/INFO] [LaunchWrapper/]: Loading tweak class name net.minecraftforge.fml.common.launcher.FMLInjectionAndSortingTweaker
[03:38:00] [main/INFO] [LaunchWrapper/]: Loading tweak class name org.spongepowered.asm.launch.MixinTweaker
[03:38:00] [main/DEBUG] [mixin/]: MixinService [LaunchWrapper] was successfully booted in sun.misc.Launcher$AppClassLoader@232204a1
[03:38:00] [main/INFO] [mixin/]: SpongePowered MIXIN Subsystem Version=0.7.4 Source=file:/opt/minecraft-server/server/hex-server/mods/malisiscore-1.12.2-6.4.0.jar Service=LaunchWrapper Env=SERVER
[03:38:00] [main/DEBUG] [mixin/]: Adding new mixin transformer proxy #1
[03:38:00] [main/DEBUG] [mixin/]: Initialising Mixin Platform Manager
[03:38:00] [main/DEBUG] [mixin/]: Mixin platform: primary container is file:/opt/minecraft-server/server/hex-server/mods/malisiscore-1.12.2-6.4.0.jar
[03:38:00] [main/DEBUG] [mixin/]: Adding mixin platform agents for container file:/opt/minecraft-server/server/hex-server/mods/malisiscore-1.12.2-6.4.0.jar
[03:38:00] [main/DEBUG] [mixin/]: Instancing new MixinPlatformAgentFML for file:/opt/minecraft-server/server/hex-server/mods/malisiscore-1.12.2-6.4.0.jar
[03:38:00] [main/DEBUG] [mixin/]: ForceLoadAsMod was specified for malisiscore-1.12.2-6.4.0.jar, attempting force-load
[03:38:00] [main/DEBUG] [mixin/]: Adding malisiscore-1.12.2-6.4.0.jar to reparseable coremod collection
[03:38:00] [main/DEBUG] [mixin/]: malisiscore-1.12.2-6.4.0.jar has core plugin net.malisis.core.asm.MalisisCorePlugin. Injecting it into FML for co-initialisation:
[03:38:00] [main/DEBUG] [FML/]: Instantiating coremod class MalisisCorePlugin
[03:38:00] [main/WARN] [FML/]: The coremod net.malisis.core.asm.MalisisCorePlugin does not have a MCVersion annotation, it may cause issues with this version of Minecraft
[03:38:00] [main/WARN] [FML/]: The coremod MalisisCorePlugin (net.malisis.core.asm.MalisisCorePlugin) is not signed!
[03:38:00] [main/INFO] [mixin/]: Compatibility level set to JAVA_8
[03:38:00] [main/DEBUG] [FML/]: Enqueued coremod MalisisCorePlugin
[03:38:00] [main/DEBUG] [mixin/]: Instancing new MixinPlatformAgentDefault for file:/opt/minecraft-server/server/hex-server/mods/malisiscore-1.12.2-6.4.0.jar
[03:38:00] [main/DEBUG] [mixin/]: Scanning file:/opt/minecraft-server/server/hex-server/Hex.jar for mixin tweaker
[03:38:00] [main/DEBUG] [mixin/]: Scanning file:/opt/minecraft-server/server/hex-server/mods/InventoryTweaks-1.63.jar for mixin tweaker
[03:38:00] [main/DEBUG] [mixin/]: Scanning file:/opt/minecraft-server/server/hex-server/mods/MultiMine-1.12.2.jar for mixin tweaker
[03:38:00] [main/DEBUG] [mixin/]: Scanning file:/opt/minecraft-server/server/hex-server/mods/Quark-r1.4-122.jar for mixin tweaker
[03:38:00] [main/DEBUG] [mixin/]: Scanning file:/opt/minecraft-server/server/hex-server/mods/TheBetweenlands-3.3.0-core.jar for mixin tweaker
[03:38:00] [main/INFO] [LaunchWrapper/]: Loading tweak class name net.minecraftforge.fml.common.launcher.FMLDeobfTweaker
[03:38:00] [main/INFO] [LaunchWrapper/]: Calling tweak class net.minecraftforge.fml.common.launcher.FMLInjectionAndSortingTweaker
[03:38:00] [main/INFO] [LaunchWrapper/]: Calling tweak class net.minecraftforge.fml.common.launcher.FMLInjectionAndSortingTweaker
[03:38:00] [main/INFO] [LaunchWrapper/]: Calling tweak class net.minecraftforge.fml.relauncher.CoreModManager$FMLPluginWrapper
[03:38:00] [main/DEBUG] [FML/]: Injecting coremod FMLCorePlugin \{net.minecraftforge.fml.relauncher.FMLCorePlugin\} class transformers
[03:38:00] [main/TRACE] [FML/]: Registering transformer net.minecraftforge.fml.common.asm.transformers.BlamingTransformer
[03:38:01] [main/DEBUG] [mixin/]: Preparing mixins for MixinEnvironment[PREINIT]
[03:38:01] [main/TRACE] [FML/]: Registering transformer net.minecraftforge.fml.common.asm.transformers.SideTransformer
[03:38:01] [main/TRACE] [FML/]: Registering transformer net.minecraftforge.fml.common.asm.transformers.EventSubscriptionTransformer
[03:38:01] [main/TRACE] [FML/]: Registering transformer net.minecraftforge.fml.common.asm.transformers.EventSubscriberTransformer
[03:38:01] [main/DEBUG] [FML/]: Injection complete
[03:38:01] [main/DEBUG] [FML/]: Running coremod plugin for FMLCorePlugin \{net.minecraftforge.fml.relauncher.FMLCorePlugin\}
[03:38:01] [main/DEBUG] [FML/]: Running coremod plugin FMLCorePlugin
[03:38:04] [main/DEBUG] [FML/]: Injecting tracing printstreams for STDOUT/STDERR.
[03:38:04] [main/DEBUG] [FML/]: Read 1056 binary patches
[03:38:04] [main/DEBUG] [FML/]: Loading deobfuscation resource /deobfuscation_data-1.12.2.lzma with 36083 records
[03:38:07] [main/INFO] [FML/]: Found valid fingerprint for Minecraft Forge. Certificate fingerprint e3c3d50c7c986df74c645c0ac54639741c90a557
[03:38:07] [main/DEBUG] [FML/]: Coremod plugin class FMLCorePlugin run successfully
[03:38:07] [main/INFO] [LaunchWrapper/]: Calling tweak class net.minecraftforge.fml.relauncher.CoreModManager$FMLPluginWrapper
[03:38:07] [main/DEBUG] [FML/]: Injecting coremod FMLForgePlugin \{net.minecraftforge.classloading.FMLForgePlugin\} class transformers
[03:38:07] [main/DEBUG] [FML/]: Injection complete
[03:38:07] [main/DEBUG] [FML/]: Running coremod plugin for FMLForgePlugin \{net.minecraftforge.classloading.FMLForgePlugin\}
[03:38:07] [main/DEBUG] [FML/]: Running coremod plugin FMLForgePlugin
[03:38:07] [main/DEBUG] [FML/]: Coremod plugin class FMLForgePlugin run successfully
[03:38:07] [main/INFO] [LaunchWrapper/]: Calling tweak class net.minecraftforge.fml.relauncher.CoreModManager$FMLPluginWrapper
[03:38:07] [main/DEBUG] [FML/]: Injecting coremod MMFMLCorePlugin \{atomicstryker.multimine.common.fmlmagic.MMFMLCorePlugin\} class transformers
[03:38:07] [main/TRACE] [FML/]: Registering transformer atomicstryker.multimine.common.fmlmagic.MMTransformer
[03:38:08] [main/DEBUG] [FML/]: Injection complete
[03:38:08] [main/DEBUG] [FML/]: Running coremod plugin for MMFMLCorePlugin \{atomicstryker.multimine.common.fmlmagic.MMFMLCorePlugin\}
[03:38:08] [main/DEBUG] [FML/]: Running coremod plugin MMFMLCorePlugin
[03:38:08] [main/DEBUG] [FML/]: Coremod plugin class MMFMLCorePlugin run successfully
[03:38:08] [main/INFO] [LaunchWrapper/]: Calling tweak class net.minecraftforge.fml.relauncher.CoreModManager$FMLPluginWrapper
[03:38:08] [main/DEBUG] [FML/]: Injecting coremod LoadingPlugin \{vazkii.quark.base.asm.LoadingPlugin\} class transformers
[03:38:08] [main/TRACE] [FML/]: Registering transformer vazkii.quark.base.asm.ClassTransformer
[03:38:08] [main/DEBUG] [FML/]: Injection complete
[03:38:08] [main/DEBUG] [FML/]: Running coremod plugin for LoadingPlugin \{vazkii.quark.base.asm.LoadingPlugin\}
[03:38:08] [main/DEBUG] [FML/]: Running coremod plugin LoadingPlugin
[03:38:08] [main/DEBUG] [FML/]: Coremod plugin class LoadingPlugin run successfully
[03:38:08] [main/INFO] [LaunchWrapper/]: Calling tweak class net.minecraftforge.fml.relauncher.CoreModManager$FMLPluginWrapper
[03:38:08] [main/DEBUG] [FML/]: Injecting coremod TheBetweenlandsLoadingPlugin \{thebetweenlands.core.TheBetweenlandsLoadingPlugin\} class transformers
[03:38:08] [main/TRACE] [FML/]: Registering transformer thebetweenlands.core.TheBetweenlandsClassTransformer
[03:38:08] [main/DEBUG] [FML/]: Injection complete
[03:38:08] [main/DEBUG] [FML/]: Running coremod plugin for TheBetweenlandsLoadingPlugin \{thebetweenlands.core.TheBetweenlandsLoadingPlugin\}
[03:38:08] [main/DEBUG] [FML/]: Running coremod plugin TheBetweenlandsLoadingPlugin
[03:38:08] [main/DEBUG] [FML/]: Coremod plugin class TheBetweenlandsLoadingPlugin run successfully
[03:38:08] [main/INFO] [LaunchWrapper/]: Calling tweak class org.spongepowered.asm.launch.MixinTweaker
[03:38:08] [main/DEBUG] [mixin/]: Processing prepare() for PlatformAgent[MixinPlatformAgentFML:file:/opt/minecraft-server/server/hex-server/mods/malisiscore-1.12.2-6.4.0.jar]
[03:38:08] [main/DEBUG] [mixin/]: Processing prepare() for PlatformAgent[MixinPlatformAgentDefault:file:/opt/minecraft-server/server/hex-server/mods/malisiscore-1.12.2-6.4.0.jar]
[03:38:08] [main/DEBUG] [mixin/]: Registering mixin config: mixins.malisiscore.core.json
[03:38:08] [main/DEBUG] [mixin/]: Processing launch tasks for PlatformAgent[MixinPlatformAgentFML:file:/opt/minecraft-server/server/hex-server/mods/malisiscore-1.12.2-6.4.0.jar]
[03:38:08] [main/DEBUG] [mixin/]: Creating FML remapper adapter: org.spongepowered.asm.bridge.RemapperAdapterFML
[03:38:08] [main/INFO] [mixin/]: Initialised Mixin FML Remapper Adapter with net.minecraftforge.fml.common.asm.transformers.deobf.FMLDeobfuscatingRemapper@988246e
[03:38:08] [main/DEBUG] [mixin/]: Processing launch tasks for PlatformAgent[MixinPlatformAgentDefault:file:/opt/minecraft-server/server/hex-server/mods/malisiscore-1.12.2-6.4.0.jar]
[03:38:08] [main/DEBUG] [mixin/]: Scanning file:/opt/minecraft-server/server/hex-server/Hex.jar for mixin tweaker
[03:38:08] [main/DEBUG] [mixin/]: Scanning file:/opt/minecraft-server/server/hex-server/mods/InventoryTweaks-1.63.jar for mixin tweaker
[03:38:08] [main/DEBUG] [mixin/]: Scanning file:/opt/minecraft-server/server/hex-server/mods/MultiMine-1.12.2.jar for mixin tweaker
[03:38:08] [main/DEBUG] [mixin/]: Scanning file:/opt/minecraft-server/server/hex-server/mods/Quark-r1.4-122.jar for mixin tweaker
[03:38:08] [main/DEBUG] [mixin/]: Scanning file:/opt/minecraft-server/server/hex-server/mods/TheBetweenlands-3.3.0-core.jar for mixin tweaker
[03:38:08] [main/DEBUG] [mixin/]: Scanning asmgen:/ for mixin tweaker
[03:38:08] [main/DEBUG] [mixin/]: inject() running with 1 agents
[03:38:08] [main/DEBUG] [mixin/]: Processing inject() for PlatformAgent[MixinPlatformAgentFML:file:/opt/minecraft-server/server/hex-server/mods/malisiscore-1.12.2-6.4.0.jar]
[03:38:08] [main/DEBUG] [mixin/]: FML agent is co-initiralising coremod instance MalisisCorePlugin {[]} for file:/opt/minecraft-server/server/hex-server/mods/malisiscore-1.12.2-6.4.0.jar
[03:38:08] [main/DEBUG] [FML/]: Injecting coremod MalisisCorePlugin \{net.malisis.core.asm.MalisisCorePlugin\} class transformers
[03:38:08] [main/DEBUG] [FML/]: Injection complete
[03:38:08] [main/DEBUG] [FML/]: Running coremod plugin for MalisisCorePlugin \{net.malisis.core.asm.MalisisCorePlugin\}
[03:38:08] [main/DEBUG] [FML/]: Running coremod plugin MalisisCorePlugin
[03:38:08] [main/DEBUG] [FML/]: Coremod plugin class MalisisCorePlugin run successfully
[03:38:08] [main/DEBUG] [mixin/]: Processing inject() for PlatformAgent[MixinPlatformAgentDefault:file:/opt/minecraft-server/server/hex-server/mods/malisiscore-1.12.2-6.4.0.jar]
[03:38:08] [main/INFO] [LaunchWrapper/]: Calling tweak class net.minecraftforge.fml.common.launcher.FMLDeobfTweaker
[03:38:08] [main/DEBUG] [FML/]: Loaded 209 rules from AccessTransformer config file forge_at.cfg
[03:38:08] [main/DEBUG] [FML/]: Loaded 12 rules from AccessTransformer config file invtweaks_at.cfg
[03:38:08] [main/DEBUG] [FML/]: Loaded 33 rules from AccessTransformer mod jar file /opt/minecraft-server/server/hex-server/mods/TConstruct-1.12.2-2.9.1.65.jar!META-INF/tconstruct_at.cfg

[03:38:08] [main/DEBUG] [FML/]: Loaded 1 rules from AccessTransformer mod jar file /opt/minecraft-server/server/hex-server/mods/journeymap-1.12.2-5.5.2.jar!META-INF/journeymap_at.cfg

[03:38:08] [main/DEBUG] [FML/]: Loaded 24 rules from AccessTransformer mod jar file /opt/minecraft-server/server/hex-server/mods/TheBetweenlands-3.3.0-universal.jar!META-INF/thebetweenlands_at.cfg

[03:38:08] [main/DEBUG] [FML/]: Loaded 7 rules from AccessTransformer mod jar file /opt/minecraft-server/server/hex-server/mods/chiselsandbits-14.14.jar!META-INF/chiselsandbits_at.cfg

[03:38:08] [main/DEBUG] [FML/]: Loaded 8 rules from AccessTransformer mod jar file /opt/minecraft-server/server/hex-server/mods/Mantle-1.12-1.3.1.21.jar!META-INF/mantle_at.cfg

[03:38:08] [main/DEBUG] [FML/]: Loaded 13 rules from AccessTransformer mod jar file /opt/minecraft-server/server/hex-server/mods/BiomesOPlenty-1.12.2-7.0.1.2315-universal.jar!META-INF/biomesoplenty_at.cfg

[03:38:08] [main/DEBUG] [FML/]: Loaded 1 rules from AccessTransformer mod jar file /opt/minecraft-server/server/hex-server/mods/chococraft_1.12.1-0.9.1.52.jar!META-INF/chococraft_at.cfg

[03:38:08] [main/DEBUG] [FML/]: Loaded 14 rules from AccessTransformer mod jar file /opt/minecraft-server/server/hex-server/mods/malisiscore-1.12.2-6.4.0.jar!META-INF/malisiscore_at.cfg

[03:38:08] [main/DEBUG] [FML/]: Loaded 2 rules from AccessTransformer mod jar file /opt/minecraft-server/server/hex-server/mods/jei_1.12.2-4.8.5.157.jar!META-INF/jei_at.cfg

[03:38:08] [main/DEBUG] [FML/]: Loaded 24 rules from AccessTransformer mod jar file /opt/minecraft-server/server/hex-server/mods/twilightforest-1.12.2-3.6.345-universal.jar!META-INF/tf_at.cfg

[03:38:08] [main/DEBUG] [FML/]: Loaded 3 rules from AccessTransformer mod jar file /opt/minecraft-server/server/hex-server/mods/theoneprobe-1.12-1.4.19.jar!META-INF/top_at.cfg

[03:38:08] [main/DEBUG] [FML/]: Validating minecraft
[03:38:12] [main/DEBUG] [FML/]: Minecraft validated, launching...
[03:38:12] [main/INFO] [LaunchWrapper/]: Calling tweak class net.minecraftforge.fml.relauncher.CoreModManager$FMLPluginWrapper
[03:38:12] [main/DEBUG] [FML/]: Injecting coremod Inventory Tweaks Coremod \{invtweaks.forge.asm.FMLPlugin\} class transformers
[03:38:12] [main/TRACE] [FML/]: Registering transformer invtweaks.forge.asm.ContainerTransformer
[03:38:12] [main/DEBUG] [FML/]: Injection complete
[03:38:12] [main/DEBUG] [FML/]: Running coremod plugin for Inventory Tweaks Coremod \{invtweaks.forge.asm.FMLPlugin\}
[03:38:12] [main/DEBUG] [FML/]: Running coremod plugin Inventory Tweaks Coremod
[03:38:12] [main/DEBUG] [FML/]: Coremod plugin class FMLPlugin run successfully
[03:38:12] [main/INFO] [LaunchWrapper/]: Loading tweak class name net.minecraftforge.fml.common.launcher.TerminalTweaker
[03:38:12] [main/INFO] [LaunchWrapper/]: Loading tweak class name org.spongepowered.asm.mixin.EnvironmentStateTweaker
[03:38:12] [main/INFO] [LaunchWrapper/]: Calling tweak class net.minecraftforge.fml.common.launcher.TerminalTweaker
[03:38:12] [main/INFO] [LaunchWrapper/]: Calling tweak class org.spongepowered.asm.mixin.EnvironmentStateTweaker
[03:38:12] [main/DEBUG] [mixin/]: Adding new mixin transformer proxy #2
[03:38:12] [main/DEBUG] [mixin/]: Preparing mixins for MixinEnvironment[DEFAULT]
[03:38:12] [main/DEBUG] [mixin/]: Selecting config mixins.malisiscore.core.json
[03:38:12] [main/DEBUG] [mixin/]: Preparing mixins.malisiscore.core.json (10)
[03:38:12] [main/DEBUG] [mixin/]: Found name transformer: net.minecraftforge.fml.common.asm.transformers.DeobfuscationTransformer
[03:38:12] [main/DEBUG] [mixin/]: Rebuilding transformer delegation list:
[03:38:12] [main/DEBUG] [mixin/]: Found name transformer: net.minecraftforge.fml.common.asm.transformers.DeobfuscationTransformer
[03:38:12] [main/DEBUG] [mixin/]:   Adding:    net.minecraftforge.fml.common.asm.transformers.PatchingTransformer
[03:38:12] [main/DEBUG] [mixin/]:   Excluding: org.spongepowered.asm.mixin.transformer.Proxy
[03:38:12] [main/DEBUG] [mixin/]:   Adding:    $wrapper.net.minecraftforge.fml.common.asm.transformers.BlamingTransformer
[03:38:12] [main/DEBUG] [mixin/]:   Adding:    $wrapper.net.minecraftforge.fml.common.asm.transformers.SideTransformer
[03:38:12] [main/DEBUG] [mixin/]:   Excluding: $wrapper.net.minecraftforge.fml.common.asm.transformers.EventSubscriptionTransformer
[03:38:12] [main/DEBUG] [mixin/]:   Adding:    $wrapper.net.minecraftforge.fml.common.asm.transformers.EventSubscriberTransformer
[03:38:12] [main/DEBUG] [mixin/]:   Adding:    $wrapper.atomicstryker.multimine.common.fmlmagic.MMTransformer
[03:38:12] [main/DEBUG] [mixin/]:   Adding:    $wrapper.vazkii.quark.base.asm.ClassTransformer
[03:38:12] [main/DEBUG] [mixin/]:   Adding:    $wrapper.thebetweenlands.core.TheBetweenlandsClassTransformer
[03:38:12] [main/DEBUG] [mixin/]:   Adding:    net.minecraftforge.fml.common.asm.transformers.DeobfuscationTransformer
[03:38:12] [main/DEBUG] [mixin/]:   Adding:    net.minecraftforge.fml.common.asm.transformers.AccessTransformer
[03:38:12] [main/DEBUG] [mixin/]:   Adding:    invtweaks.forge.asm.ITAccessTransformer
[03:38:12] [main/DEBUG] [mixin/]:   Adding:    net.minecraftforge.fml.common.asm.transformers.ModAccessTransformer
[03:38:12] [main/DEBUG] [mixin/]:   Adding:    net.minecraftforge.fml.common.asm.transformers.ItemStackTransformer
[03:38:12] [main/DEBUG] [mixin/]:   Adding:    net.minecraftforge.fml.common.asm.transformers.ItemBlockTransformer
[03:38:12] [main/DEBUG] [mixin/]:   Adding:    net.minecraftforge.fml.common.asm.transformers.ItemBlockSpecialTransformer
[03:38:12] [main/DEBUG] [mixin/]:   Adding:    $wrapper.invtweaks.forge.asm.ContainerTransformer
[03:38:12] [main/DEBUG] [mixin/]:   Excluding: net.minecraftforge.fml.common.asm.transformers.TerminalTransformer
[03:38:12] [main/DEBUG] [mixin/]:   Excluding: org.spongepowered.asm.mixin.transformer.Proxy
[03:38:12] [main/DEBUG] [mixin/]: Transformer delegation list created with 15 entries
[03:38:13] [main/TRACE] [mixin/]: Added class metadata for net/minecraft/world/World to metadata cache
[03:38:13] [main/INFO] [FML/]: [Quark ASM] Transforming WorldServer
[03:38:13] [main/INFO] [FML/]: [Quark ASM] Applying Transformation to method (Names [areAllPlayersAsleep, func_73056_e, g] Descriptor ()Z / ()Z)
[03:38:13] [main/INFO] [FML/]: [Quark ASM] Located Method, patching...
[03:38:13] [main/INFO] [FML/]: [Quark ASM] Located patch target node L0
[03:38:13] [main/INFO] [FML/]: [Quark ASM] Patch result: true
[03:38:13] [main/INFO] [mixin/]: A re-entrant transformer '$wrapper.vazkii.quark.base.asm.ClassTransformer' was detected and will no longer process meta class data
[03:38:13] [main/TRACE] [mixin/]: Added class metadata for net/minecraft/world/WorldServer to metadata cache
[03:38:13] [main/DEBUG] [mixin/]: Rebuilding transformer delegation list:
[03:38:13] [main/DEBUG] [mixin/]: Found name transformer: net.minecraftforge.fml.common.asm.transformers.DeobfuscationTransformer
[03:38:13] [main/DEBUG] [mixin/]:   Adding:    net.minecraftforge.fml.common.asm.transformers.PatchingTransformer
[03:38:13] [main/DEBUG] [mixin/]:   Excluding: org.spongepowered.asm.mixin.transformer.Proxy
[03:38:13] [main/DEBUG] [mixin/]:   Adding:    $wrapper.net.minecraftforge.fml.common.asm.transformers.BlamingTransformer
[03:38:13] [main/DEBUG] [mixin/]:   Adding:    $wrapper.net.minecraftforge.fml.common.asm.transformers.SideTransformer
[03:38:13] [main/DEBUG] [mixin/]:   Excluding: $wrapper.net.minecraftforge.fml.common.asm.transformers.EventSubscriptionTransformer
[03:38:13] [main/DEBUG] [mixin/]:   Adding:    $wrapper.net.minecraftforge.fml.common.asm.transformers.EventSubscriberTransformer
[03:38:13] [main/DEBUG] [mixin/]:   Adding:    $wrapper.atomicstryker.multimine.common.fmlmagic.MMTransformer
[03:38:13] [main/DEBUG] [mixin/]:   Excluding: $wrapper.vazkii.quark.base.asm.ClassTransformer
[03:38:13] [main/DEBUG] [mixin/]:   Adding:    $wrapper.thebetweenlands.core.TheBetweenlandsClassTransformer
[03:38:13] [main/DEBUG] [mixin/]:   Adding:    net.minecraftforge.fml.common.asm.transformers.DeobfuscationTransformer
[03:38:13] [main/DEBUG] [mixin/]:   Adding:    net.minecraftforge.fml.common.asm.transformers.AccessTransformer
[03:38:13] [main/DEBUG] [mixin/]:   Adding:    invtweaks.forge.asm.ITAccessTransformer
[03:38:13] [main/DEBUG] [mixin/]:   Adding:    net.minecraftforge.fml.common.asm.transformers.ModAccessTransformer
[03:38:13] [main/DEBUG] [mixin/]:   Adding:    net.minecraftforge.fml.common.asm.transformers.ItemStackTransformer
[03:38:13] [main/DEBUG] [mixin/]:   Adding:    net.minecraftforge.fml.common.asm.transformers.ItemBlockTransformer
[03:38:13] [main/DEBUG] [mixin/]:   Adding:    net.minecraftforge.fml.common.asm.transformers.ItemBlockSpecialTransformer
[03:38:13] [main/DEBUG] [mixin/]:   Adding:    $wrapper.invtweaks.forge.asm.ContainerTransformer
[03:38:13] [main/DEBUG] [mixin/]:   Excluding: net.minecraftforge.fml.common.asm.transformers.TerminalTransformer
[03:38:13] [main/DEBUG] [mixin/]:   Excluding: org.spongepowered.asm.mixin.transformer.Proxy
[03:38:13] [main/DEBUG] [mixin/]: Transformer delegation list created with 14 entries
[03:38:13] [main/TRACE] [mixin/]: Added class metadata for net/minecraft/world/chunk/Chunk to metadata cache
[03:38:13] [main/TRACE] [mixin/]: Added class metadata for net/minecraft/item/ItemBlock to metadata cache
[03:38:13] [main/TRACE] [mixin/]: Added class metadata for net/minecraft/network/NetHandlerPlayServer to metadata cache
[03:38:13] [main/DEBUG] [mixin/]: Prepared 6 mixins in 0.874 sec (145.7ms avg) (6ms load, 391ms transform, 0ms plugin)
[03:38:14] [main/DEBUG] [mixin/]: Mixing MixinClientNotif$MixinWorld from mixins.malisiscore.core.json into net.minecraft.world.World
[03:38:14] [main/TRACE] [mixin/]: Added class metadata for net/malisis/core/util/clientnotif/ClientNotificationManager to metadata cache
[03:38:14] [main/DEBUG] [mixin/]: Mixing MixinChunkCollision$MixinWorld from mixins.malisiscore.core.json into net.minecraft.world.World
[03:38:14] [main/TRACE] [mixin/]: Added class metadata for net/malisis/core/util/Point to metadata cache
[03:38:14] [main/TRACE] [mixin/]: Added class metadata for org/apache/commons/lang3/tuple/Pair to metadata cache
[03:38:14] [main/TRACE] [mixin/]: Added class metadata for java/io/Serializable to metadata cache
[03:38:14] [main/TRACE] [mixin/]: Added class metadata for java/lang/Comparable to metadata cache
[03:38:14] [main/TRACE] [mixin/]: Added class metadata for java/util/Map$Entry to metadata cache
[03:38:14] [main/TRACE] [mixin/]: Added class metadata for net/malisis/core/util/chunkcollision/ChunkCollision to metadata cache
[03:38:14] [main/TRACE] [mixin/]: Added class metadata for org/spongepowered/asm/mixin/injection/callback/CallbackInfoReturnable to metadata cache
[03:38:14] [main/TRACE] [mixin/]: Added class metadata for net/minecraft/util/math/BlockPos to metadata cache
[03:38:14] [main/TRACE] [mixin/]: Added class metadata for net/minecraft/block/Block to metadata cache
[03:38:14] [main/TRACE] [mixin/]: Added class metadata for org/spongepowered/asm/mixin/injection/callback/CallbackInfo to metadata cache
[03:38:14] [main/TRACE] [mixin/]: Added class metadata for net/minecraft/util/math/Vec3d to metadata cache
[03:38:14] [main/TRACE] [mixin/]: Added class metadata for net/minecraft/util/math/RayTraceResult to metadata cache
[03:38:15] [main/INFO] [FML/]: [Quark ASM] Transforming WorldServer
[03:38:15] [main/INFO] [FML/]: [Quark ASM] Applying Transformation to method (Names [areAllPlayersAsleep, func_73056_e, g] Descriptor ()Z / ()Z)
[03:38:15] [main/INFO] [FML/]: [Quark ASM] Located Method, patching...
[03:38:15] [main/INFO] [FML/]: [Quark ASM] Located patch target node L0
[03:38:15] [main/INFO] [FML/]: [Quark ASM] Patch result: true
[03:38:15] [main/DEBUG] [mixin/]: Mixing MixinClientNotif$MixinWorldServer from mixins.malisiscore.core.json into net.minecraft.world.WorldServer
[03:38:15] [main/INFO] [LaunchWrapper/]: Launching wrapped minecraft {net.minecraft.server.MinecraftServer}
[03:38:18] [main/INFO] [FML/]: [Quark ASM] Transforming BlockPistonBase
[03:38:18] [main/INFO] [FML/]: [Quark ASM] Applying Transformation to method (Names [doMove, func_176319_a, a] Descriptor (Lnet/minecraft/world/World;Lnet/minecraft/util/math/BlockPos;Lnet/minecraft/util/EnumFacing;Z)Z / (Lamu;Let;Lfa;Z)Z)
[03:38:18] [main/INFO] [FML/]: [Quark ASM] Located Method, patching...
[03:38:18] [main/INFO] [FML/]: [Quark ASM] Located patch target node ASTORE 11
[03:38:18] [main/INFO] [FML/]: [Quark ASM] Patch result: true
[03:38:18] [main/INFO] [FML/]: [Quark ASM] Applying Transformation to method (Names [canPush, func_185646_a, a] Descriptor (Lnet/minecraft/block/state/IBlockState;Lnet/minecraft/world/World;Lnet/minecraft/util/math/BlockPos;Lnet/minecraft/util/EnumFacing;ZLnet/minecraft/util/EnumFacing;)Z / (Lawt;Lamu;Let;Lfa;ZLfa;)Z)
[03:38:18] [main/INFO] [FML/]: [Quark ASM] Located Method, patching...
[03:38:18] [main/INFO] [FML/]: [Quark ASM] Located patch target node INVOKEVIRTUAL aow.hasTileEntity (Lawt;)Z
[03:38:18] [main/INFO] [FML/]: [Quark ASM] Patch result: true
[03:38:18] [main/INFO] [FML/]: [Quark ASM] Transforming TileEntityPiston
[03:38:18] [main/INFO] [FML/]: [Quark ASM] Applying Transformation to method (Names [clearPistonTileEntity, func_145866_f, j] Descriptor ()V / ()V)
[03:38:18] [main/INFO] [FML/]: [Quark ASM] Located Method, patching...
[03:38:18] [main/INFO] [FML/]: [Quark ASM] Located patch target node INVOKEVIRTUAL amu.a (Let;Lawt;I)Z
[03:38:18] [main/INFO] [FML/]: [Quark ASM] Patch result: true
[03:38:18] [main/INFO] [FML/]: [Quark ASM] Applying Transformation to method (Names [update, func_73660_a, e] Descriptor ()V / ()V)
[03:38:18] [main/INFO] [FML/]: [Quark ASM] Located Method, patching...
[03:38:18] [main/INFO] [FML/]: [Quark ASM] Located patch target node INVOKEVIRTUAL amu.a (Let;Lawt;I)Z
[03:38:18] [main/INFO] [FML/]: [Quark ASM] Patch result: true
[03:38:23] [main/DEBUG] [mixin/]: Mixing MixinChunkCollision$MixinItemBlock from mixins.malisiscore.core.json into net.minecraft.item.ItemBlock
[03:38:23] [main/TRACE] [mixin/]: Added class metadata for net/minecraft/item/Item to metadata cache
[03:38:23] [main/TRACE] [mixin/]: Added class metadata for net/minecraftforge/registries/IForgeRegistryEntry$Impl to metadata cache
[03:38:23] [main/TRACE] [mixin/]: Added class metadata for net/minecraft/util/EnumActionResult to metadata cache
[03:38:23] [main/TRACE] [mixin/]: Added class metadata for net/minecraft/entity/player/EntityPlayer to metadata cache
[03:38:23] [main/TRACE] [mixin/]: Added class metadata for net/minecraft/util/EnumHand to metadata cache
[03:38:23] [main/TRACE] [mixin/]: Added class metadata for net/minecraft/util/EnumFacing to metadata cache
[03:38:23] [main/TRACE] [mixin/]: Added class metadata for net/minecraft/block/state/IBlockState to metadata cache
[03:38:23] [main/TRACE] [mixin/]: Added class metadata for net/minecraft/item/ItemStack to metadata cache
[03:38:23] [main/INFO] [FML/]: [Quark ASM] Transforming EntityBoat
[03:38:23] [main/INFO] [FML/]: [Quark ASM] Applying Transformation to method (Names [attackEntityFrom, func_70097_a, a] Descriptor (Lnet/minecraft/util/DamageSource;F)Z / (Lur;F)Z)
[03:38:23] [main/INFO] [FML/]: [Quark ASM] Located Method, patching...
[03:38:23] [main/INFO] [FML/]: [Quark ASM] Located patch target node POP
[03:38:23] [main/INFO] [FML/]: [Quark ASM] Patch result: true
[03:38:23] [main/INFO] [FML/]: [Quark ASM] Applying Transformation to method (Names [onUpdate, func_70071_h_, B_] Descriptor ()V / ()V)
[03:38:23] [main/INFO] [FML/]: [Quark ASM] Located Method, patching...
[03:38:23] [main/INFO] [FML/]: [Quark ASM] Located patch target node L0
[03:38:23] [main/INFO] [FML/]: [Quark ASM] Patch result: true
[03:38:30] [main/DEBUG] [FML/]: Creating vanilla freeze snapshot
[03:38:30] [main/DEBUG] [FML/]: Vanilla freeze snapshot created
