[03:38:32] [Server thread/INFO]: Starting minecraft server version 1.12.2
[03:40:33] [Server thread/INFO]: Loading properties
[03:40:34] [Server thread/INFO]: Default game type: SURVIVAL
[03:40:34] [Server thread/INFO]: Generating keypair
[03:40:34] [Server thread/INFO]: Starting Minecraft server on 0.0.0.0:25565
[03:40:34] [Server thread/INFO]: Using epoll channel type
[03:41:02] [Server thread/INFO]: Preparing level "world"
[03:41:10] [Server thread/INFO]: Loaded 894 advancements
[03:41:11] [Server thread/INFO]: Preparing start region for level 0
[03:41:12] [Server thread/INFO]: Preparing spawn area: 0%
[03:41:13] [Server thread/INFO]: Preparing spawn area: 12%
[03:41:16] [Server thread/INFO]: Preparing spawn area: 40%
[03:41:17] [Server thread/INFO]: Preparing spawn area: 54%
[03:41:18] [Server thread/INFO]: Preparing spawn area: 87%
[03:41:18] [Server thread/INFO]: Done (16.409s)! For help, type "help" or "?"
[03:41:18] [Server thread/INFO]: Starting remote control listener
[03:41:18] [RCON Listener #1/INFO]: RCON running on 0.0.0.0:65535
[03:41:23] [Server thread/WARN]: Can't keep up! Did the system time change, or is the server overloaded? Running 3037ms behind, skipping 60 tick(s)
[03:42:10] [User Authenticator #1/INFO]: UUID of player EvilAntiSmiley is c811ffa1-cfcd-44bf-a87c-64a8a0cc7518
[03:42:12] [Server thread/WARN]: Can't keep up! Did the system time change, or is the server overloaded? Running 5129ms behind, skipping 102 tick(s)
[03:42:15] [Server thread/INFO]: EvilAntiSmiley[/77.118.191.199:20187] logged in with entity id 172 at (-966.6471186423845, 75.0, 191.92254290514256)
[03:42:15] [Server thread/INFO]: EvilAntiSmiley joined the game
[03:42:27] [Server thread/WARN]: Can't keep up! Did the system time change, or is the server overloaded? Running 5190ms behind, skipping 103 tick(s)
[03:42:48] [Server thread/WARN]: Can't keep up! Did the system time change, or is the server overloaded? Running 5822ms behind, skipping 116 tick(s)
[03:43:01] [Server thread/WARN]: EvilAntiSmiley moved too quickly! -0.5364842101254226,0.0,-10.26158309742135
[03:43:01] [Server thread/WARN]: Can't keep up! Did the system time change, or is the server overloaded? Running 2033ms behind, skipping 40 tick(s)
[03:43:24] [Server thread/INFO]: EvilAntiSmiley lost connection: Disconnected
[03:43:24] [Server thread/INFO]: EvilAntiSmiley left the game
[03:43:25] [Server thread/WARN]: Can't keep up! Did the system time change, or is the server overloaded? Running 3155ms behind, skipping 63 tick(s)
[03:47:35] [Server thread/WARN]: Can't keep up! Did the system time change, or is the server overloaded? Running 2796ms behind, skipping 55 tick(s)
[03:53:36] [Server thread/WARN]: Can't keep up! Did the system time change, or is the server overloaded? Running 2887ms behind, skipping 57 tick(s)
[03:58:51] [Server thread/WARN]: Can't keep up! Did the system time change, or is the server overloaded? Running 2351ms behind, skipping 47 tick(s)
[04:05:37] [Server thread/WARN]: Can't keep up! Did the system time change, or is the server overloaded? Running 3085ms behind, skipping 61 tick(s)
[04:07:52] [Server thread/WARN]: Can't keep up! Did the system time change, or is the server overloaded? Running 2377ms behind, skipping 47 tick(s)
[04:15:05] [Server thread/WARN]: Can't keep up! Did the system time change, or is the server overloaded? Running 2621ms behind, skipping 52 tick(s)
[04:26:39] [Server thread/WARN]: Can't keep up! Did the system time change, or is the server overloaded? Running 3283ms behind, skipping 65 tick(s)
[04:31:55] [Server thread/WARN]: Can't keep up! Did the system time change, or is the server overloaded? Running 3100ms behind, skipping 62 tick(s)
[04:39:27] [Server thread/WARN]: Can't keep up! Did the system time change, or is the server overloaded? Running 4153ms behind, skipping 83 tick(s)
[04:55:14] [Server thread/WARN]: Can't keep up! Did the system time change, or is the server overloaded? Running 3371ms behind, skipping 67 tick(s)
[05:00:34] [Server thread/WARN]: Can't keep up! Did the system time change, or is the server overloaded? Running 7103ms behind, skipping 142 tick(s)
[05:17:04] [Server thread/WARN]: Can't keep up! Did the system time change, or is the server overloaded? Running 2150ms behind, skipping 43 tick(s)
[05:27:36] [Server thread/WARN]: Can't keep up! Did the system time change, or is the server overloaded? Running 3650ms behind, skipping 73 tick(s)
[05:39:38] [Server thread/WARN]: Can't keep up! Did the system time change, or is the server overloaded? Running 3944ms behind, skipping 78 tick(s)
[05:47:54] [Server thread/WARN]: Can't keep up! Did the system time change, or is the server overloaded? Running 2889ms behind, skipping 57 tick(s)
[05:49:24] [Server thread/WARN]: Can't keep up! Did the system time change, or is the server overloaded? Running 2486ms behind, skipping 49 tick(s)
[05:50:54] [Server thread/WARN]: Can't keep up! Did the system time change, or is the server overloaded? Running 2394ms behind, skipping 47 tick(s)
[06:03:41] [Server thread/WARN]: Can't keep up! Did the system time change, or is the server overloaded? Running 3784ms behind, skipping 75 tick(s)
[06:41:12] [Server thread/WARN]: Can't keep up! Did the system time change, or is the server overloaded? Running 2298ms behind, skipping 45 tick(s)
[06:44:58] [Server thread/WARN]: Can't keep up! Did the system time change, or is the server overloaded? Running 3667ms behind, skipping 73 tick(s)
[06:55:27] [Server thread/WARN]: Can't keep up! Did the system time change, or is the server overloaded? Running 2011ms behind, skipping 40 tick(s)
[07:03:44] [Server thread/WARN]: Can't keep up! Did the system time change, or is the server overloaded? Running 2621ms behind, skipping 52 tick(s)
[07:05:19] [Server thread/WARN]: Can't keep up! Did the system time change, or is the server overloaded? Running 6663ms behind, skipping 133 tick(s)
[07:07:32] [Server thread/WARN]: Can't keep up! Did the system time change, or is the server overloaded? Running 2160ms behind, skipping 43 tick(s)
[07:29:19] [Server thread/WARN]: Can't keep up! Did the system time change, or is the server overloaded? Running 2254ms behind, skipping 45 tick(s)
[07:31:35] [Server thread/WARN]: Can't keep up! Did the system time change, or is the server overloaded? Running 2752ms behind, skipping 55 tick(s)
[07:33:50] [Server thread/WARN]: Can't keep up! Did the system time change, or is the server overloaded? Running 2794ms behind, skipping 55 tick(s)
[07:48:55] [RCON Listener #1/INFO]: Rcon connection from: /46.101.32.157
[08:24:06] [Server thread/WARN]: Can't keep up! Did the system time change, or is the server overloaded? Running 2453ms behind, skipping 49 tick(s)
[08:30:52] [Server thread/WARN]: Can't keep up! Did the system time change, or is the server overloaded? Running 2726ms behind, skipping 54 tick(s)
[08:37:38] [Server thread/WARN]: Can't keep up! Did the system time change, or is the server overloaded? Running 3527ms behind, skipping 70 tick(s)
[08:44:24] [Server thread/WARN]: Can't keep up! Did the system time change, or is the server overloaded? Running 2447ms behind, skipping 48 tick(s)
[09:03:09] [Server thread/WARN]: Can't keep up! Did the system time change, or is the server overloaded? Running 2501ms behind, skipping 50 tick(s)
[09:04:40] [Server thread/WARN]: Can't keep up! Did the system time change, or is the server overloaded? Running 2902ms behind, skipping 58 tick(s)
[09:07:40] [Server thread/WARN]: Can't keep up! Did the system time change, or is the server overloaded? Running 2102ms behind, skipping 42 tick(s)
[09:09:12] [Server thread/WARN]: Can't keep up! Did the system time change, or is the server overloaded? Running 3494ms behind, skipping 69 tick(s)
[09:29:28] [Server thread/WARN]: Can't keep up! Did the system time change, or is the server overloaded? Running 3683ms behind, skipping 73 tick(s)
[09:32:29] [Server thread/WARN]: Can't keep up! Did the system time change, or is the server overloaded? Running 2786ms behind, skipping 55 tick(s)
[09:35:10] [Server thread/WARN]: Can't keep up! Did the system time change, or is the server overloaded? Running 2284ms behind, skipping 45 tick(s)
[09:36:15] [Server thread/WARN]: Can't keep up! Did the system time change, or is the server overloaded? Running 3033ms behind, skipping 60 tick(s)
[10:04:03] [Server thread/WARN]: Can't keep up! Did the system time change, or is the server overloaded? Running 4856ms behind, skipping 97 tick(s)
[10:23:33] [Server thread/WARN]: Can't keep up! Did the system time change, or is the server overloaded? Running 2224ms behind, skipping 44 tick(s)
[10:25:05] [Server thread/WARN]: Can't keep up! Did the system time change, or is the server overloaded? Running 3292ms behind, skipping 65 tick(s)
[10:31:05] [Server thread/WARN]: Can't keep up! Did the system time change, or is the server overloaded? Running 2274ms behind, skipping 45 tick(s)
[10:58:05] [Server thread/WARN]: Can't keep up! Did the system time change, or is the server overloaded? Running 2443ms behind, skipping 48 tick(s)
[11:02:37] [Server thread/WARN]: Can't keep up! Did the system time change, or is the server overloaded? Running 3391ms behind, skipping 67 tick(s)
[11:04:10] [Server thread/WARN]: Can't keep up! Did the system time change, or is the server overloaded? Running 4838ms behind, skipping 96 tick(s)
[11:12:25] [Server thread/WARN]: Can't keep up! Did the system time change, or is the server overloaded? Running 2559ms behind, skipping 51 tick(s)
[11:21:26] [Server thread/WARN]: Can't keep up! Did the system time change, or is the server overloaded? Running 3039ms behind, skipping 60 tick(s)
[11:31:14] [Server thread/WARN]: Can't keep up! Did the system time change, or is the server overloaded? Running 4427ms behind, skipping 88 tick(s)
[12:01:18] [Server thread/WARN]: Can't keep up! Did the system time change, or is the server overloaded? Running 6550ms behind, skipping 131 tick(s)
[12:04:22] [Server thread/WARN]: Can't keep up! Did the system time change, or is the server overloaded? Running 6068ms behind, skipping 121 tick(s)
[12:14:53] [Server thread/WARN]: Can't keep up! Did the system time change, or is the server overloaded? Running 2762ms behind, skipping 55 tick(s)
[12:26:54] [Server thread/WARN]: Can't keep up! Did the system time change, or is the server overloaded? Running 3360ms behind, skipping 67 tick(s)
[12:34:26] [Server thread/WARN]: Can't keep up! Did the system time change, or is the server overloaded? Running 3342ms behind, skipping 66 tick(s)
[12:49:27] [Server thread/WARN]: Can't keep up! Did the system time change, or is the server overloaded? Running 2930ms behind, skipping 58 tick(s)
[12:55:27] [Server thread/WARN]: Can't keep up! Did the system time change, or is the server overloaded? Running 2503ms behind, skipping 50 tick(s)
[13:03:47] [Server thread/WARN]: Can't keep up! Did the system time change, or is the server overloaded? Running 7068ms behind, skipping 141 tick(s)
[13:25:33] [Server thread/WARN]: Can't keep up! Did the system time change, or is the server overloaded? Running 2341ms behind, skipping 46 tick(s)
[13:40:34] [Server thread/WARN]: Can't keep up! Did the system time change, or is the server overloaded? Running 2950ms behind, skipping 59 tick(s)
[13:47:19] [Server thread/WARN]: Can't keep up! Did the system time change, or is the server overloaded? Running 2685ms behind, skipping 53 tick(s)
[13:51:06] [Server thread/WARN]: Can't keep up! Did the system time change, or is the server overloaded? Running 3305ms behind, skipping 66 tick(s)
[13:54:51] [Server thread/WARN]: Can't keep up! Did the system time change, or is the server overloaded? Running 2157ms behind, skipping 43 tick(s)
[13:59:21] [Server thread/WARN]: Can't keep up! Did the system time change, or is the server overloaded? Running 2225ms behind, skipping 44 tick(s)
[14:03:53] [Server thread/WARN]: Can't keep up! Did the system time change, or is the server overloaded? Running 3854ms behind, skipping 77 tick(s)
[14:15:10] [Server thread/WARN]: Can't keep up! Did the system time change, or is the server overloaded? Running 4054ms behind, skipping 81 tick(s)
[14:29:40] [Server thread/WARN]: Can't keep up! Did the system time change, or is the server overloaded? Running 2283ms behind, skipping 45 tick(s)
[14:30:12] [Server thread/WARN]: Can't keep up! Did the system time change, or is the server overloaded? Running 3846ms behind, skipping 76 tick(s)
[15:31:44] [Server thread/WARN]: Can't keep up! Did the system time change, or is the server overloaded? Running 3665ms behind, skipping 73 tick(s)
[15:32:18] [Server thread/WARN]: Can't keep up! Did the system time change, or is the server overloaded? Running 2312ms behind, skipping 46 tick(s)
[15:37:44] [Server thread/WARN]: Can't keep up! Did the system time change, or is the server overloaded? Running 2307ms behind, skipping 46 tick(s)
[15:39:59] [Server thread/WARN]: Can't keep up! Did the system time change, or is the server overloaded? Running 2103ms behind, skipping 42 tick(s)
[15:46:03] [Server thread/WARN]: Can't keep up! Did the system time change, or is the server overloaded? Running 5546ms behind, skipping 110 tick(s)
[16:04:06] [Server thread/WARN]: Can't keep up! Did the system time change, or is the server overloaded? Running 5018ms behind, skipping 100 tick(s)
[16:17:38] [Server thread/WARN]: Can't keep up! Did the system time change, or is the server overloaded? Running 3685ms behind, skipping 73 tick(s)
[16:46:53] [Server thread/WARN]: Can't keep up! Did the system time change, or is the server overloaded? Running 2151ms behind, skipping 43 tick(s)
[16:49:02] [Server thread/WARN]: Can't keep up! Did the system time change, or is the server overloaded? Running 2379ms behind, skipping 47 tick(s)
[17:01:10] [Server thread/WARN]: Can't keep up! Did the system time change, or is the server overloaded? Running 4155ms behind, skipping 83 tick(s)
[17:04:12] [Server thread/WARN]: Can't keep up! Did the system time change, or is the server overloaded? Running 3154ms behind, skipping 63 tick(s)
[17:12:26] [User Authenticator #2/INFO]: UUID of player Remaved is bcb341ca-4a16-4bda-ad95-ad56b03f3dcb
[17:12:26] [Server thread/INFO]: Remaved lost connection: Internal Exception: io.netty.handler.codec.EncoderException: java.io.IOException: Can't serialize unregistered packet
[17:12:26] [Server thread/INFO]: Remaved left the game
[17:12:31] [User Authenticator #3/INFO]: UUID of player Remaved is bcb341ca-4a16-4bda-ad95-ad56b03f3dcb
[17:12:34] [Server thread/INFO]: Remaved[/5.100.34.28:53147] logged in with entity id 709 at (-99.5, 68.0, 205.5)
[17:12:34] [Server thread/INFO]: Remaved joined the game
[17:12:41] [Server thread/WARN]: Can't keep up! Did the system time change, or is the server overloaded? Running 3676ms behind, skipping 73 tick(s)
[17:13:54] [RCON Listener #1/INFO]: Rcon connection from: /127.0.0.1
[17:13:54] [RCON Client #3/INFO]: [Rcon: Stopping the server]
[17:13:54] [Server thread/INFO]: Stopping server
[17:13:54] [Server thread/INFO]: Saving players
[17:13:54] [Server thread/INFO]: Remaved lost connection: Server closed
[17:13:54] [Server thread/INFO]: Remaved left the game
[17:13:54] [Server thread/INFO]: Saving worlds
[17:13:54] [Server thread/INFO]: Saving chunks for level 'world'/overworld
[17:13:56] [Server thread/INFO]: Saving chunks for level 'world'/the_nether
[17:13:56] [Server thread/INFO]: Saving chunks for level 'world'/the_end
[17:13:56] [Server thread/INFO]: Saving chunks for level 'world'/dungeon_pockets
[17:13:56] [Server thread/INFO]: Saving chunks for level 'world'/EREBUS
[17:13:56] [Server thread/INFO]: Saving chunks for level 'world'/dungeon_pockets
[17:13:56] [Server thread/INFO]: Saving chunks for level 'world'/betweenlands
[17:13:56] [Server thread/INFO]: Saving chunks for level 'world'/public_pockets
[17:13:56] [Server thread/INFO]: Saving chunks for level 'world'/private_pockets
[17:13:56] [Server thread/INFO]: Saving chunks for level 'world'/limbo
[17:13:56] [Server thread/INFO]: Saving chunks for level 'world'/The Dark Realm
[17:13:56] [Server thread/INFO]: Saving chunks for level 'world'/twilight_forest
[17:13:56] [Server thread/INFO]: Saving chunks for level 'world'/Omothol
[17:13:56] [Server thread/INFO]: Saving chunks for level 'world'/The Dreadlands
[17:13:56] [Server thread/INFO]: Saving chunks for level 'world'/pontus
[17:13:56] [Server thread/INFO]: Saving chunks for level 'world'/The Abyssal Wasteland
[17:13:58] [Server Shutdown Thread/INFO]: Stopping server
[17:13:58] [Server Shutdown Thread/INFO]: Saving players
[17:13:58] [Server Shutdown Thread/INFO]: Saving worlds
